<?xml version="1.0" encoding="UTF-8"?>
<testng-results ignored="0" total="1" passed="1" failed="0" skipped="0">
  <reporter-output>
  </reporter-output>
  <suite started-at="2024-11-27T19:11:59 IST" name="Default suite" finished-at="2024-11-27T19:12:04 IST" duration-ms="4825">
    <groups>
      <group name="cucumber">
        <method signature="AbstractTestNGCucumberTests.runScenario(io.cucumber.testng.PickleWrapper,io.cucumber.testng.FeatureWrapper)[pri:0, instance:TestRunner.testRunner$TestRunner@6f10d5b6]" name="runScenario" class="io.cucumber.testng.AbstractTestNGCucumberTests"/>
      </group> <!-- cucumber -->
    </groups>
    <test started-at="2024-11-27T19:11:59 IST" name="Default test" finished-at="2024-11-27T19:12:04 IST" duration-ms="4825">
      <class name="TestRunner.testRunner$TestRunner">
        <test-method is-config="true" signature="setUpClass(org.testng.ITestContext)[pri:0, instance:TestRunner.testRunner$TestRunner@6f10d5b6]" started-at="2024-11-27T19:11:59 IST" name="setUpClass" finished-at="2024-11-27T19:11:59 IST" duration-ms="529" status="PASS">
          <params>
            <param index="0">
              <value>
                <![CDATA[org.testng.TestRunner@5560b64d]]>
              </value>
            </param>
          </params>
          <reporter-output>
          </reporter-output>
        </test-method> <!-- setUpClass -->
        <test-method signature="runScenario(io.cucumber.testng.PickleWrapper,io.cucumber.testng.FeatureWrapper)[pri:0, instance:TestRunner.testRunner$TestRunner@6f10d5b6]" started-at="2024-11-27T19:11:59 IST" name="runScenario" description="Runs Cucumber Scenarios" data-provider="scenarios" finished-at="2024-11-27T19:12:03 IST" duration-ms="4221" status="PASS">
          <params>
            <param index="0">
              <value>
                <![CDATA["to validate the get request"]]>
              </value>
            </param>
            <param index="1">
              <value>
                <![CDATA["To validate the c2ta endpoints"]]>
              </value>
            </param>
          </params>
          <reporter-output>
          </reporter-output>
        </test-method> <!-- runScenario -->
        <test-method is-config="true" signature="tearDownClass()[pri:0, instance:TestRunner.testRunner$TestRunner@6f10d5b6]" started-at="2024-11-27T19:12:03 IST" name="tearDownClass" finished-at="2024-11-27T19:12:04 IST" duration-ms="42" status="PASS">
          <reporter-output>
          </reporter-output>
        </test-method> <!-- tearDownClass -->
      </class> <!-- TestRunner.testRunner$TestRunner -->
    </test> <!-- Default test -->
  </suite> <!-- Default suite -->
</testng-results>
